Using pre-set license
Built from '2020.3/staging' branch; Version is '2020.3.3f1 (76626098c1c4) revision 7758432'; Using compiler version '192528614'; Build Type 'Release'
OS: 'Windows 10 Home; OS build 19041.985; Version 2004; 64bit' Language: 'en' Physical Memory: 8065 MB
BatchMode: 1, IsHumanControllingUs: 0, StartBugReporterOnCrash: 0, Is64bit: 1, IsPro: 0

 COMMAND LINE ARGUMENTS:
C:\Program Files\Unity\Hub\Editor\2020.3.3f1\Editor\Unity.exe
-adb2
-batchMode
-noUpm
-name
AssetImportWorker0
-projectPath
D:/Unity/Project4/Project4/Project4
-logFile
Logs/AssetImportWorker0.log
-srvPort
60877
Successfully changed project path to: D:/Unity/Project4/Project4/Project4
D:/Unity/Project4/Project4/Project4
Using Asset Import Pipeline V2.
Refreshing native plugins compatible for Editor in 110.43 ms, found 0 plugins.
Preloading 0 native plugins for Editor in 0.00 ms.
Initialize engine version: 2020.3.3f1 (76626098c1c4)
[Subsystems] Discovering subsystems at path C:/Program Files/Unity/Hub/Editor/2020.3.3f1/Editor/Data/Resources/UnitySubsystems
[Subsystems] Discovering subsystems at path D:/Unity/Project4/Project4/Project4/Assets
GfxDevice: creating device client; threaded=0
Direct3D:
    Version:  Direct3D 11.0 [level 11.1]
    Renderer: Intel(R) HD Graphics 520 (ID=0x1916)
    Vendor:   
    VRAM:     4032 MB
    Driver:   27.20.100.8681
Initialize mono
Mono path[0] = 'C:/Program Files/Unity/Hub/Editor/2020.3.3f1/Editor/Data/Managed'
Mono path[1] = 'C:/Program Files/Unity/Hub/Editor/2020.3.3f1/Editor/Data/MonoBleedingEdge/lib/mono/unityjit'
Mono config path = 'C:/Program Files/Unity/Hub/Editor/2020.3.3f1/Editor/Data/MonoBleedingEdge/etc'
Using monoOptions --debugger-agent=transport=dt_socket,embedding=1,server=y,suspend=n,address=127.0.0.1:56456
Begin MonoManager ReloadAssembly
Registering precompiled unity dll's ...
Register platform support module: C:/Program Files/Unity/Hub/Editor/2020.3.3f1/Editor/Data/PlaybackEngines/WebGLSupport/UnityEditor.WebGL.Extensions.dll
Register platform support module: C:/Program Files/Unity/Hub/Editor/2020.3.3f1/Editor/Data/PlaybackEngines/WindowsStandaloneSupport/UnityEditor.WindowsStandalone.Extensions.dll
Registered in 0.013807 seconds.
Native extension for WindowsStandalone target not found
Native extension for WebGL target not found
Refreshing native plugins compatible for Editor in 59.57 ms, found 0 plugins.
Preloading 0 native plugins for Editor in 0.00 ms.
Invoked RoslynAnalysisRunner static constructor.
RoslynAnalysisRunner will not be running.
RoslynAnalysisRunner has terminated.
Mono: successfully reloaded assembly
- Completed reload, in  6.582 seconds
Platform modules already initialized, skipping
Registering precompiled user dll's ...
Registered in 0.063945 seconds.
Begin MonoManager ReloadAssembly
Native extension for WindowsStandalone target not found
Native extension for WebGL target not found
Refreshing native plugins compatible for Editor in 0.79 ms, found 0 plugins.
Preloading 0 native plugins for Editor in 0.00 ms.
Invoked RoslynAnalysisRunner static constructor.
RoslynAnalysisRunner will not be running.
RoslynAnalysisRunner has terminated.
Mono: successfully reloaded assembly
- Completed reload, in  3.105 seconds
Platform modules already initialized, skipping
========================================================================
Worker process is ready to serve import requests
Launched and connected shader compiler UnityShaderCompiler.exe after 0.12 seconds
Refreshing native plugins compatible for Editor in 0.98 ms, found 0 plugins.
Preloading 0 native plugins for Editor in 0.00 ms.
Unloading 1145 Unused Serialized files (Serialized files now loaded: 0)
System memory in use before: 73.0 MB.
System memory in use after: 73.0 MB.

Unloading 10 unused Assets to reduce memory usage. Loaded Objects now: 1612.
Total: 21.210400 ms (FindLiveObjects: 0.746000 ms CreateObjectMapping: 0.092800 ms MarkObjects: 18.956100 ms  DeleteObjects: 1.412400 ms)

========================================================================
Received Import Request.
  path: Assets/Scenes/Scene.unity
  artifactKey: Guid(9fc0d4010bbf28b4594072e72b8655ab) Importer(815301076,1909f56bfc062723c751e8b465ee728b)
Start importing Assets/Scenes/Scene.unity using Guid(9fc0d4010bbf28b4594072e72b8655ab) Importer(815301076,1909f56bfc062723c751e8b465ee728b)  -> (artifact id: '3186d1095788aad2ffb6636df869f716') in 0.134889 seconds
  Import took 0.234585 seconds .

========================================================================
Received Import Request.
  Time since last request: 56.426449 seconds.
  path: Assets/Script/Player/GameManager.cs
  artifactKey: Guid(109dd573be4910e429f9912fdee0783c) Importer(815301076,1909f56bfc062723c751e8b465ee728b)
Start importing Assets/Script/Player/GameManager.cs using Guid(109dd573be4910e429f9912fdee0783c) Importer(815301076,1909f56bfc062723c751e8b465ee728b)  -> (artifact id: 'eaaf66fdcb83b555364262e3f8b9d82e') in 0.097776 seconds
  Import took 0.120526 seconds .

========================================================================
Received Prepare
Registering precompiled user dll's ...
Registered in 0.000960 seconds.
Begin MonoManager ReloadAssembly
Native extension for WindowsStandalone target not found
Native extension for WebGL target not found
Refreshing native plugins compatible for Editor in 0.57 ms, found 0 plugins.
Preloading 0 native plugins for Editor in 0.00 ms.
Invoked RoslynAnalysisRunner static constructor.
RoslynAnalysisRunner will not be running.
RoslynAnalysisRunner has terminated.
Mono: successfully reloaded assembly
- Completed reload, in  1.461 seconds
Platform modules already initialized, skipping
Refreshing native plugins compatible for Editor in 0.30 ms, found 0 plugins.
Preloading 0 native plugins for Editor in 0.00 ms.
Unloading 1124 Unused Serialized files (Serialized files now loaded: 0)
System memory in use before: 71.4 MB.
System memory in use after: 71.4 MB.

Unloading 5 unused Assets to reduce memory usage. Loaded Objects now: 1615.
Total: 2.325000 ms (FindLiveObjects: 0.201000 ms CreateObjectMapping: 0.080600 ms MarkObjects: 1.957200 ms  DeleteObjects: 0.084400 ms)

========================================================================
Received Prepare
Registering precompiled user dll's ...
Registered in 0.002172 seconds.
Begin MonoManager ReloadAssembly
Native extension for WindowsStandalone target not found
Native extension for WebGL target not found
Refreshing native plugins compatible for Editor in 0.42 ms, found 0 plugins.
Preloading 0 native plugins for Editor in 0.00 ms.
Invoked RoslynAnalysisRunner static constructor.
RoslynAnalysisRunner will not be running.
RoslynAnalysisRunner has terminated.
Mono: successfully reloaded assembly
- Completed reload, in  1.905 seconds
Platform modules already initialized, skipping
Refreshing native plugins compatible for Editor in 0.48 ms, found 0 plugins.
Preloading 0 native plugins for Editor in 0.00 ms.
Unloading 1124 Unused Serialized files (Serialized files now loaded: 0)
System memory in use before: 71.4 MB.
System memory in use after: 71.4 MB.

Unloading 5 unused Assets to reduce memory usage. Loaded Objects now: 1618.
Total: 3.697000 ms (FindLiveObjects: 0.294000 ms CreateObjectMapping: 0.099700 ms MarkObjects: 3.216500 ms  DeleteObjects: 0.084800 ms)

========================================================================
Received Prepare
Registering precompiled user dll's ...
Registered in 0.001376 seconds.
Begin MonoManager ReloadAssembly
Native extension for WindowsStandalone target not found
Native extension for WebGL target not found
Refreshing native plugins compatible for Editor in 0.47 ms, found 0 plugins.
Preloading 0 native plugins for Editor in 0.00 ms.
Invoked RoslynAnalysisRunner static constructor.
RoslynAnalysisRunner will not be running.
RoslynAnalysisRunner has terminated.
Mono: successfully reloaded assembly
- Completed reload, in  1.653 seconds
Platform modules already initialized, skipping
Refreshing native plugins compatible for Editor in 0.47 ms, found 0 plugins.
Preloading 0 native plugins for Editor in 0.00 ms.
Unloading 1123 Unused Serialized files (Serialized files now loaded: 0)
System memory in use before: 71.4 MB.
System memory in use after: 71.4 MB.

Unloading 6 unused Assets to reduce memory usage. Loaded Objects now: 1620.
Total: 3.793200 ms (FindLiveObjects: 0.295500 ms CreateObjectMapping: 0.094500 ms MarkObjects: 3.286500 ms  DeleteObjects: 0.114400 ms)

========================================================================
Received Prepare
Registering precompiled user dll's ...
Registered in 0.001499 seconds.
Begin MonoManager ReloadAssembly
Native extension for WindowsStandalone target not found
Native extension for WebGL target not found
Refreshing native plugins compatible for Editor in 0.47 ms, found 0 plugins.
Preloading 0 native plugins for Editor in 0.00 ms.
Invoked RoslynAnalysisRunner static constructor.
RoslynAnalysisRunner will not be running.
RoslynAnalysisRunner has terminated.
Mono: successfully reloaded assembly
- Completed reload, in  1.672 seconds
Platform modules already initialized, skipping
Refreshing native plugins compatible for Editor in 0.61 ms, found 0 plugins.
Preloading 0 native plugins for Editor in 0.00 ms.
Unloading 1123 Unused Serialized files (Serialized files now loaded: 0)
System memory in use before: 71.4 MB.
System memory in use after: 71.4 MB.

Unloading 5 unused Assets to reduce memory usage. Loaded Objects now: 1623.
Total: 3.575400 ms (FindLiveObjects: 0.286500 ms CreateObjectMapping: 0.091700 ms MarkObjects: 3.098300 ms  DeleteObjects: 0.096600 ms)

========================================================================
Received Import Request.
  Time since last request: 2110.081549 seconds.
  path: Assets/Script/NewBehaviourScript.cs
  artifactKey: Guid(84cefa5fed1f85d43b51ab6a1075471e) Importer(815301076,1909f56bfc062723c751e8b465ee728b)
Start importing Assets/Script/NewBehaviourScript.cs using Guid(84cefa5fed1f85d43b51ab6a1075471e) Importer(815301076,1909f56bfc062723c751e8b465ee728b)  -> (artifact id: '1dfc2c32e7d8bd5cd63d9631ae8f0a5d') in 0.046426 seconds
  Import took 0.058371 seconds .

========================================================================
Received Prepare
Registering precompiled user dll's ...
Registered in 0.001306 seconds.
Begin MonoManager ReloadAssembly
Native extension for WindowsStandalone target not found
Native extension for WebGL target not found
Refreshing native plugins compatible for Editor in 0.48 ms, found 0 plugins.
Preloading 0 native plugins for Editor in 0.00 ms.
Invoked RoslynAnalysisRunner static constructor.
RoslynAnalysisRunner will not be running.
RoslynAnalysisRunner has terminated.
Mono: successfully reloaded assembly
- Completed reload, in  1.964 seconds
Platform modules already initialized, skipping
Refreshing native plugins compatible for Editor in 0.49 ms, found 0 plugins.
Preloading 0 native plugins for Editor in 0.00 ms.
Unloading 1124 Unused Serialized files (Serialized files now loaded: 0)
System memory in use before: 71.4 MB.
System memory in use after: 71.5 MB.

Unloading 5 unused Assets to reduce memory usage. Loaded Objects now: 1627.
Total: 4.505300 ms (FindLiveObjects: 0.230900 ms CreateObjectMapping: 0.074100 ms MarkObjects: 4.106900 ms  DeleteObjects: 0.091400 ms)

========================================================================
Received Prepare
Registering precompiled user dll's ...
Registered in 0.001352 seconds.
Begin MonoManager ReloadAssembly
Native extension for WindowsStandalone target not found
Native extension for WebGL target not found
Refreshing native plugins compatible for Editor in 0.48 ms, found 0 plugins.
Preloading 0 native plugins for Editor in 0.00 ms.
Invoked RoslynAnalysisRunner static constructor.
RoslynAnalysisRunner will not be running.
RoslynAnalysisRunner has terminated.
Mono: successfully reloaded assembly
- Completed reload, in  2.065 seconds
Platform modules already initialized, skipping
Refreshing native plugins compatible for Editor in 0.48 ms, found 0 plugins.
Preloading 0 native plugins for Editor in 0.00 ms.
Unloading 1123 Unused Serialized files (Serialized files now loaded: 0)
System memory in use before: 71.4 MB.
System memory in use after: 71.5 MB.

Unloading 6 unused Assets to reduce memory usage. Loaded Objects now: 1629.
Total: 3.995600 ms (FindLiveObjects: 0.255200 ms CreateObjectMapping: 0.088000 ms MarkObjects: 3.546000 ms  DeleteObjects: 0.104300 ms)

========================================================================
Received Import Request.
  Time since last request: 27.736831 seconds.
  path: Assets/Script/Score.cs
  artifactKey: Guid(333ab04660cfa6244b4a4254d3358369) Importer(815301076,1909f56bfc062723c751e8b465ee728b)
Start importing Assets/Script/Score.cs using Guid(333ab04660cfa6244b4a4254d3358369) Importer(815301076,1909f56bfc062723c751e8b465ee728b)  -> (artifact id: 'e74354e771f9b9273c74ae4b3ee550da') in 0.060389 seconds
  Import took 0.069750 seconds .

========================================================================
Received Prepare
Registering precompiled user dll's ...
Registered in 0.001311 seconds.
Begin MonoManager ReloadAssembly
Native extension for WindowsStandalone target not found
Native extension for WebGL target not found
Refreshing native plugins compatible for Editor in 0.49 ms, found 0 plugins.
Preloading 0 native plugins for Editor in 0.00 ms.
Invoked RoslynAnalysisRunner static constructor.
RoslynAnalysisRunner will not be running.
RoslynAnalysisRunner has terminated.
Mono: successfully reloaded assembly
- Completed reload, in  2.091 seconds
Platform modules already initialized, skipping
Refreshing native plugins compatible for Editor in 0.47 ms, found 0 plugins.
Preloading 0 native plugins for Editor in 0.00 ms.
Unloading 1124 Unused Serialized files (Serialized files now loaded: 0)
System memory in use before: 71.4 MB.
System memory in use after: 71.5 MB.

Unloading 5 unused Assets to reduce memory usage. Loaded Objects now: 1633.
Total: 6.431500 ms (FindLiveObjects: 0.290400 ms CreateObjectMapping: 0.129400 ms MarkObjects: 5.867000 ms  DeleteObjects: 0.141400 ms)

========================================================================
Received Import Request.
  Time since last request: 598.872460 seconds.
  path: Assets/Script/Score.cs
  artifactKey: Guid(333ab04660cfa6244b4a4254d3358369) Importer(815301076,1909f56bfc062723c751e8b465ee728b)
Start importing Assets/Script/Score.cs using Guid(333ab04660cfa6244b4a4254d3358369) Importer(815301076,1909f56bfc062723c751e8b465ee728b)  -> (artifact id: '879b5c2fd0276ca14c551f7c93799f79') in 0.106372 seconds
  Import took 0.112157 seconds .

========================================================================
Received Prepare
Registering precompiled user dll's ...
Registered in 0.001378 seconds.
Begin MonoManager ReloadAssembly
Native extension for WindowsStandalone target not found
Native extension for WebGL target not found
Refreshing native plugins compatible for Editor in 0.50 ms, found 0 plugins.
Preloading 0 native plugins for Editor in 0.00 ms.
Invoked RoslynAnalysisRunner static constructor.
RoslynAnalysisRunner will not be running.
RoslynAnalysisRunner has terminated.
Mono: successfully reloaded assembly
- Completed reload, in  1.717 seconds
Platform modules already initialized, skipping
Refreshing native plugins compatible for Editor in 0.47 ms, found 0 plugins.
Preloading 0 native plugins for Editor in 0.00 ms.
Unloading 1124 Unused Serialized files (Serialized files now loaded: 0)
System memory in use before: 71.4 MB.
System memory in use after: 71.5 MB.

Unloading 5 unused Assets to reduce memory usage. Loaded Objects now: 1636.
Total: 3.965200 ms (FindLiveObjects: 0.237300 ms CreateObjectMapping: 0.081000 ms MarkObjects: 3.540200 ms  DeleteObjects: 0.105000 ms)

========================================================================
Received Import Request.
  Time since last request: 100.991979 seconds.
  path: Assets/Script/Score.cs
  artifactKey: Guid(333ab04660cfa6244b4a4254d3358369) Importer(815301076,1909f56bfc062723c751e8b465ee728b)
Start importing Assets/Script/Score.cs using Guid(333ab04660cfa6244b4a4254d3358369) Importer(815301076,1909f56bfc062723c751e8b465ee728b)  -> (artifact id: '87994e89db26c4ac07d79a540d0152bf') in 0.016993 seconds
  Import took 0.020643 seconds .

========================================================================
Received Prepare
Registering precompiled user dll's ...
Registered in 0.001526 seconds.
Begin MonoManager ReloadAssembly
Native extension for WindowsStandalone target not found
Native extension for WebGL target not found
Refreshing native plugins compatible for Editor in 0.47 ms, found 0 plugins.
Preloading 0 native plugins for Editor in 0.00 ms.
Invoked RoslynAnalysisRunner static constructor.
RoslynAnalysisRunner will not be running.
RoslynAnalysisRunner has terminated.
Mono: successfully reloaded assembly
- Completed reload, in  1.625 seconds
Platform modules already initialized, skipping
Refreshing native plugins compatible for Editor in 0.46 ms, found 0 plugins.
Preloading 0 native plugins for Editor in 0.00 ms.
Unloading 1124 Unused Serialized files (Serialized files now loaded: 0)
System memory in use before: 71.4 MB.
System memory in use after: 71.5 MB.

Unloading 5 unused Assets to reduce memory usage. Loaded Objects now: 1639.
Total: 3.841100 ms (FindLiveObjects: 0.234900 ms CreateObjectMapping: 0.078000 ms MarkObjects: 3.437700 ms  DeleteObjects: 0.088600 ms)

========================================================================
Received Prepare
Registering precompiled user dll's ...
Registered in 0.001360 seconds.
Begin MonoManager ReloadAssembly
Native extension for WindowsStandalone target not found
Native extension for WebGL target not found
Refreshing native plugins compatible for Editor in 0.47 ms, found 0 plugins.
Preloading 0 native plugins for Editor in 0.00 ms.
Invoked RoslynAnalysisRunner static constructor.
RoslynAnalysisRunner will not be running.
RoslynAnalysisRunner has terminated.
Mono: successfully reloaded assembly
- Completed reload, in  1.751 seconds
Platform modules already initialized, skipping
Refreshing native plugins compatible for Editor in 0.47 ms, found 0 plugins.
Preloading 0 native plugins for Editor in 0.00 ms.
Unloading 1124 Unused Serialized files (Serialized files now loaded: 0)
System memory in use before: 71.4 MB.
System memory in use after: 71.5 MB.

Unloading 5 unused Assets to reduce memory usage. Loaded Objects now: 1642.
Total: 3.975200 ms (FindLiveObjects: 0.230900 ms CreateObjectMapping: 0.073600 ms MarkObjects: 3.564900 ms  DeleteObjects: 0.103900 ms)

========================================================================
Received Import Request.
  Time since last request: 862.206057 seconds.
  path: Assets/Script/New Folder
  artifactKey: Guid(f025c35dcb08ec64f8b87546e57f8f8a) Importer(815301076,1909f56bfc062723c751e8b465ee728b)
Start importing Assets/Script/New Folder using Guid(f025c35dcb08ec64f8b87546e57f8f8a) Importer(815301076,1909f56bfc062723c751e8b465ee728b)  -> (artifact id: 'da078ff899704d91482e966276d614ec') in 0.023335 seconds
  Import took 0.055305 seconds .

========================================================================
Received Prepare
Registering precompiled user dll's ...
Registered in 0.001044 seconds.
Begin MonoManager ReloadAssembly
Native extension for WindowsStandalone target not found
Native extension for WebGL target not found
Refreshing native plugins compatible for Editor in 0.30 ms, found 0 plugins.
Preloading 0 native plugins for Editor in 0.00 ms.
Invoked RoslynAnalysisRunner static constructor.
RoslynAnalysisRunner will not be running.
RoslynAnalysisRunner has terminated.
Mono: successfully reloaded assembly
- Completed reload, in  1.103 seconds
Platform modules already initialized, skipping
Refreshing native plugins compatible for Editor in 0.30 ms, found 0 plugins.
Preloading 0 native plugins for Editor in 0.00 ms.
Unloading 1124 Unused Serialized files (Serialized files now loaded: 0)
System memory in use before: 71.4 MB.
System memory in use after: 71.5 MB.

Unloading 5 unused Assets to reduce memory usage. Loaded Objects now: 1645.
Total: 3.445100 ms (FindLiveObjects: 0.164900 ms CreateObjectMapping: 0.049100 ms MarkObjects: 3.154200 ms  DeleteObjects: 0.075000 ms)

========================================================================
Received Import Request.
  Time since last request: 36.536234 seconds.
  path: Assets/Script/Scores
  artifactKey: Guid(f025c35dcb08ec64f8b87546e57f8f8a) Importer(815301076,1909f56bfc062723c751e8b465ee728b)
Start importing Assets/Script/Scores using Guid(f025c35dcb08ec64f8b87546e57f8f8a) Importer(815301076,1909f56bfc062723c751e8b465ee728b)  -> (artifact id: '01a2cb8bbc9fc545227f345507e3b35e') in 0.018507 seconds
  Import took 0.034291 seconds .

========================================================================
Received Import Request.
  Time since last request: 10.912412 seconds.
  path: Assets/Script/Scores/ScoreHandler.cs
  artifactKey: Guid(553fa8fe0e1b5da47873bc4603b279e0) Importer(815301076,1909f56bfc062723c751e8b465ee728b)
Start importing Assets/Script/Scores/ScoreHandler.cs using Guid(553fa8fe0e1b5da47873bc4603b279e0) Importer(815301076,1909f56bfc062723c751e8b465ee728b)  -> (artifact id: 'a5232bf230ad12f5633ab0d5cb12fc5b') in 0.089933 seconds
  Import took 0.110193 seconds .

========================================================================
Received Prepare
Registering precompiled user dll's ...
Registered in 0.000977 seconds.
Begin MonoManager ReloadAssembly
Native extension for WindowsStandalone target not found
Native extension for WebGL target not found
Refreshing native plugins compatible for Editor in 0.32 ms, found 0 plugins.
Preloading 0 native plugins for Editor in 0.00 ms.
Invoked RoslynAnalysisRunner static constructor.
RoslynAnalysisRunner will not be running.
RoslynAnalysisRunner has terminated.
Mono: successfully reloaded assembly
- Completed reload, in  1.599 seconds
Platform modules already initialized, skipping
Refreshing native plugins compatible for Editor in 0.33 ms, found 0 plugins.
Preloading 0 native plugins for Editor in 0.00 ms.
Unloading 1125 Unused Serialized files (Serialized files now loaded: 0)
System memory in use before: 71.5 MB.
System memory in use after: 71.5 MB.

Unloading 5 unused Assets to reduce memory usage. Loaded Objects now: 1649.
Total: 4.823500 ms (FindLiveObjects: 0.597600 ms CreateObjectMapping: 0.086600 ms MarkObjects: 4.053800 ms  DeleteObjects: 0.083300 ms)

========================================================================
Received Prepare
Registering precompiled user dll's ...
Registered in 0.000957 seconds.
Begin MonoManager ReloadAssembly
Native extension for WindowsStandalone target not found
Native extension for WebGL target not found
Refreshing native plugins compatible for Editor in 0.30 ms, found 0 plugins.
Preloading 0 native plugins for Editor in 0.00 ms.
Invoked RoslynAnalysisRunner static constructor.
RoslynAnalysisRunner will not be running.
RoslynAnalysisRunner has terminated.
Mono: successfully reloaded assembly
- Completed reload, in  1.242 seconds
Platform modules already initialized, skipping
Refreshing native plugins compatible for Editor in 0.29 ms, found 0 plugins.
Preloading 0 native plugins for Editor in 0.00 ms.
Unloading 1125 Unused Serialized files (Serialized files now loaded: 0)
System memory in use before: 71.5 MB.
System memory in use after: 71.6 MB.

Unloading 5 unused Assets to reduce memory usage. Loaded Objects now: 1652.
Total: 2.624800 ms (FindLiveObjects: 0.163800 ms CreateObjectMapping: 0.046500 ms MarkObjects: 2.274400 ms  DeleteObjects: 0.129700 ms)

========================================================================
Received Import Request.
  Time since last request: 276.839591 seconds.
  path: Assets/Script/Scores/ScoreHandler.cs
  artifactKey: Guid(553fa8fe0e1b5da47873bc4603b279e0) Importer(815301076,1909f56bfc062723c751e8b465ee728b)
Start importing Assets/Script/Scores/ScoreHandler.cs using Guid(553fa8fe0e1b5da47873bc4603b279e0) Importer(815301076,1909f56bfc062723c751e8b465ee728b)  -> (artifact id: '51e1fa2a89f4d1649a0029d354419db4') in 0.010248 seconds
  Import took 0.126152 seconds .

========================================================================
Received Prepare
Registering precompiled user dll's ...
Registered in 0.013434 seconds.
Begin MonoManager ReloadAssembly
Native extension for WindowsStandalone target not found
Native extension for WebGL target not found
Refreshing native plugins compatible for Editor in 0.29 ms, found 0 plugins.
Preloading 0 native plugins for Editor in 0.00 ms.
Invoked RoslynAnalysisRunner static constructor.
RoslynAnalysisRunner will not be running.
RoslynAnalysisRunner has terminated.
Mono: successfully reloaded assembly
- Completed reload, in  1.898 seconds
Platform modules already initialized, skipping
Refreshing native plugins compatible for Editor in 0.34 ms, found 0 plugins.
Preloading 0 native plugins for Editor in 0.00 ms.
Unloading 1125 Unused Serialized files (Serialized files now loaded: 0)
System memory in use before: 71.5 MB.
System memory in use after: 71.6 MB.

Unloading 5 unused Assets to reduce memory usage. Loaded Objects now: 1655.
Total: 2.669500 ms (FindLiveObjects: 0.193400 ms CreateObjectMapping: 0.061100 ms MarkObjects: 2.298700 ms  DeleteObjects: 0.114600 ms)

========================================================================
Received Prepare
Registering precompiled user dll's ...
Registered in 0.000952 seconds.
Begin MonoManager ReloadAssembly
Native extension for WindowsStandalone target not found
Native extension for WebGL target not found
Refreshing native plugins compatible for Editor in 0.30 ms, found 0 plugins.
Preloading 0 native plugins for Editor in 0.00 ms.
Invoked RoslynAnalysisRunner static constructor.
RoslynAnalysisRunner will not be running.
RoslynAnalysisRunner has terminated.
Mono: successfully reloaded assembly
- Completed reload, in  1.146 seconds
Platform modules already initialized, skipping
Refreshing native plugins compatible for Editor in 0.31 ms, found 0 plugins.
Preloading 0 native plugins for Editor in 0.00 ms.
Unloading 1125 Unused Serialized files (Serialized files now loaded: 0)
System memory in use before: 71.5 MB.
System memory in use after: 71.6 MB.

Unloading 5 unused Assets to reduce memory usage. Loaded Objects now: 1658.
Total: 3.493400 ms (FindLiveObjects: 0.364500 ms CreateObjectMapping: 0.111800 ms MarkObjects: 2.880600 ms  DeleteObjects: 0.134900 ms)

========================================================================
Received Prepare
Registering precompiled user dll's ...
Registered in 0.001394 seconds.
Begin MonoManager ReloadAssembly
Native extension for WindowsStandalone target not found
Native extension for WebGL target not found
Refreshing native plugins compatible for Editor in 0.30 ms, found 0 plugins.
Preloading 0 native plugins for Editor in 0.00 ms.
Invoked RoslynAnalysisRunner static constructor.
RoslynAnalysisRunner will not be running.
RoslynAnalysisRunner has terminated.
Mono: successfully reloaded assembly
- Completed reload, in  1.250 seconds
Platform modules already initialized, skipping
Refreshing native plugins compatible for Editor in 0.35 ms, found 0 plugins.
Preloading 0 native plugins for Editor in 0.00 ms.
Unloading 1125 Unused Serialized files (Serialized files now loaded: 0)
System memory in use before: 71.5 MB.
System memory in use after: 71.6 MB.

Unloading 5 unused Assets to reduce memory usage. Loaded Objects now: 1661.
Total: 2.839800 ms (FindLiveObjects: 0.185700 ms CreateObjectMapping: 0.054300 ms MarkObjects: 2.529000 ms  DeleteObjects: 0.069500 ms)

========================================================================
Received Import Request.
  Time since last request: 369.942278 seconds.
  path: Assets/Script/Scores/Score.cs
  artifactKey: Guid(333ab04660cfa6244b4a4254d3358369) Importer(815301076,1909f56bfc062723c751e8b465ee728b)
Start importing Assets/Script/Scores/Score.cs using Guid(333ab04660cfa6244b4a4254d3358369) Importer(815301076,1909f56bfc062723c751e8b465ee728b)  -> (artifact id: '4e2fccc338e68a0a51ab9d3a1efd9217') in 0.009403 seconds
  Import took 0.111578 seconds .

========================================================================
Received Import Request.
  Time since last request: 267.380965 seconds.
  path: Assets/Script/Scores/NewBehaviourScript.cs
  artifactKey: Guid(f9033fa5642431d479bd760c53ecd2cd) Importer(815301076,1909f56bfc062723c751e8b465ee728b)
Start importing Assets/Script/Scores/NewBehaviourScript.cs using Guid(f9033fa5642431d479bd760c53ecd2cd) Importer(815301076,1909f56bfc062723c751e8b465ee728b)  -> (artifact id: '39125ce7b9159d9a2885522a7adfa656') in 0.023752 seconds
  Import took 0.046405 seconds .

========================================================================
Received Prepare
Registering precompiled user dll's ...
Registered in 0.001355 seconds.
Begin MonoManager ReloadAssembly
Native extension for WindowsStandalone target not found
Native extension for WebGL target not found
Refreshing native plugins compatible for Editor in 0.34 ms, found 0 plugins.
Preloading 0 native plugins for Editor in 0.00 ms.
Invoked RoslynAnalysisRunner static constructor.
RoslynAnalysisRunner will not be running.
RoslynAnalysisRunner has terminated.
Mono: successfully reloaded assembly
- Completed reload, in  1.454 seconds
Platform modules already initialized, skipping
Refreshing native plugins compatible for Editor in 0.31 ms, found 0 plugins.
Preloading 0 native plugins for Editor in 0.00 ms.
Unloading 1126 Unused Serialized files (Serialized files now loaded: 0)
System memory in use before: 71.5 MB.
System memory in use after: 71.6 MB.

Unloading 5 unused Assets to reduce memory usage. Loaded Objects now: 1665.
Total: 3.329200 ms (FindLiveObjects: 0.224500 ms CreateObjectMapping: 0.062300 ms MarkObjects: 2.919100 ms  DeleteObjects: 0.121700 ms)

========================================================================
Received Prepare
Registering precompiled user dll's ...
Registered in 0.001017 seconds.
Begin MonoManager ReloadAssembly
Native extension for WindowsStandalone target not found
Native extension for WebGL target not found
Refreshing native plugins compatible for Editor in 0.38 ms, found 0 plugins.
Preloading 0 native plugins for Editor in 0.00 ms.
Invoked RoslynAnalysisRunner static constructor.
RoslynAnalysisRunner will not be running.
RoslynAnalysisRunner has terminated.
Mono: successfully reloaded assembly
- Completed reload, in  1.256 seconds
Platform modules already initialized, skipping
Refreshing native plugins compatible for Editor in 0.50 ms, found 0 plugins.
Preloading 0 native plugins for Editor in 0.00 ms.
Unloading 1125 Unused Serialized files (Serialized files now loaded: 0)
System memory in use before: 71.5 MB.
System memory in use after: 71.6 MB.

Unloading 6 unused Assets to reduce memory usage. Loaded Objects now: 1667.
Total: 2.945800 ms (FindLiveObjects: 0.243700 ms CreateObjectMapping: 0.076600 ms MarkObjects: 2.415700 ms  DeleteObjects: 0.208100 ms)

========================================================================
Received Import Request.
  Time since last request: 44.454386 seconds.
  path: Assets/Script/Scores/HighestScore.cs
  artifactKey: Guid(6dfcc403988801046a7cc85d1b5a1149) Importer(815301076,1909f56bfc062723c751e8b465ee728b)
Start importing Assets/Script/Scores/HighestScore.cs using Guid(6dfcc403988801046a7cc85d1b5a1149) Importer(815301076,1909f56bfc062723c751e8b465ee728b)  -> (artifact id: '71e269db90dc81faeb3c92c8f83a51e2') in 0.107051 seconds
  Import took 0.144601 seconds .

========================================================================
Received Prepare
Registering precompiled user dll's ...
Registered in 0.000962 seconds.
Begin MonoManager ReloadAssembly
Native extension for WindowsStandalone target not found
Native extension for WebGL target not found
Refreshing native plugins compatible for Editor in 0.41 ms, found 0 plugins.
Preloading 0 native plugins for Editor in 0.00 ms.
Invoked RoslynAnalysisRunner static constructor.
RoslynAnalysisRunner will not be running.
RoslynAnalysisRunner has terminated.
Mono: successfully reloaded assembly
- Completed reload, in  1.137 seconds
Platform modules already initialized, skipping
Refreshing native plugins compatible for Editor in 0.31 ms, found 0 plugins.
Preloading 0 native plugins for Editor in 0.00 ms.
Unloading 1126 Unused Serialized files (Serialized files now loaded: 0)
System memory in use before: 71.5 MB.
System memory in use after: 71.6 MB.

Unloading 5 unused Assets to reduce memory usage. Loaded Objects now: 1671.
Total: 3.923500 ms (FindLiveObjects: 0.313700 ms CreateObjectMapping: 0.069100 ms MarkObjects: 3.465500 ms  DeleteObjects: 0.073100 ms)

========================================================================
Received Prepare
Registering precompiled user dll's ...
Registered in 0.001657 seconds.
Begin MonoManager ReloadAssembly
Native extension for WindowsStandalone target not found
Native extension for WebGL target not found
Refreshing native plugins compatible for Editor in 0.30 ms, found 0 plugins.
Preloading 0 native plugins for Editor in 0.00 ms.
Invoked RoslynAnalysisRunner static constructor.
RoslynAnalysisRunner will not be running.
RoslynAnalysisRunner has terminated.
Mono: successfully reloaded assembly
- Completed reload, in  1.233 seconds
Platform modules already initialized, skipping
Refreshing native plugins compatible for Editor in 0.32 ms, found 0 plugins.
Preloading 0 native plugins for Editor in 0.00 ms.
Unloading 1126 Unused Serialized files (Serialized files now loaded: 0)
System memory in use before: 71.5 MB.
System memory in use after: 71.6 MB.

Unloading 5 unused Assets to reduce memory usage. Loaded Objects now: 1674.
Total: 3.561700 ms (FindLiveObjects: 0.233500 ms CreateObjectMapping: 0.098000 ms MarkObjects: 3.126000 ms  DeleteObjects: 0.102300 ms)

========================================================================
Received Import Request.
  Time since last request: 596.712731 seconds.
  path: Assets/Script/Scores/HighestScore.cs
  artifactKey: Guid(6dfcc403988801046a7cc85d1b5a1149) Importer(815301076,1909f56bfc062723c751e8b465ee728b)
Start importing Assets/Script/Scores/HighestScore.cs using Guid(6dfcc403988801046a7cc85d1b5a1149) Importer(815301076,1909f56bfc062723c751e8b465ee728b)  -> (artifact id: '07a4f54059d74fedc152eff63b4a4535') in 0.010732 seconds
  Import took 0.130642 seconds .

========================================================================
Received Prepare
Registering precompiled user dll's ...
Registered in 0.000977 seconds.
Begin MonoManager ReloadAssembly
Native extension for WindowsStandalone target not found
Native extension for WebGL target not found
Refreshing native plugins compatible for Editor in 0.30 ms, found 0 plugins.
Preloading 0 native plugins for Editor in 0.00 ms.
Invoked RoslynAnalysisRunner static constructor.
RoslynAnalysisRunner will not be running.
RoslynAnalysisRunner has terminated.
Mono: successfully reloaded assembly
- Completed reload, in  1.400 seconds
Platform modules already initialized, skipping
Refreshing native plugins compatible for Editor in 0.37 ms, found 0 plugins.
Preloading 0 native plugins for Editor in 0.00 ms.
Unloading 1125 Unused Serialized files (Serialized files now loaded: 0)
System memory in use before: 71.5 MB.
System memory in use after: 71.6 MB.

Unloading 6 unused Assets to reduce memory usage. Loaded Objects now: 1676.
Total: 2.426300 ms (FindLiveObjects: 0.198600 ms CreateObjectMapping: 0.060600 ms MarkObjects: 2.092900 ms  DeleteObjects: 0.072800 ms)

========================================================================
Received Import Request.
  Time since last request: 8.228122 seconds.
  path: Assets/Script/Scores/ScoreHandler.cs
  artifactKey: Guid(553fa8fe0e1b5da47873bc4603b279e0) Importer(815301076,1909f56bfc062723c751e8b465ee728b)
Start importing Assets/Script/Scores/ScoreHandler.cs using Guid(553fa8fe0e1b5da47873bc4603b279e0) Importer(815301076,1909f56bfc062723c751e8b465ee728b)  -> (artifact id: '9bb0eaaeb0ce60c910d32b5ff9fc0ba8') in 0.010198 seconds
  Import took 0.114371 seconds .

========================================================================
Received Prepare
Registering precompiled user dll's ...
Registered in 0.001176 seconds.
Begin MonoManager ReloadAssembly
Native extension for WindowsStandalone target not found
Native extension for WebGL target not found
Refreshing native plugins compatible for Editor in 0.30 ms, found 0 plugins.
Preloading 0 native plugins for Editor in 0.00 ms.
Invoked RoslynAnalysisRunner static constructor.
RoslynAnalysisRunner will not be running.
RoslynAnalysisRunner has terminated.
Mono: successfully reloaded assembly
- Completed reload, in  1.305 seconds
Platform modules already initialized, skipping
Refreshing native plugins compatible for Editor in 0.32 ms, found 0 plugins.
Preloading 0 native plugins for Editor in 0.00 ms.
Unloading 1124 Unused Serialized files (Serialized files now loaded: 0)
System memory in use before: 71.5 MB.
System memory in use after: 71.6 MB.

Unloading 6 unused Assets to reduce memory usage. Loaded Objects now: 1678.
Total: 3.617800 ms (FindLiveObjects: 0.218500 ms CreateObjectMapping: 0.072500 ms MarkObjects: 3.239600 ms  DeleteObjects: 0.085100 ms)

========================================================================
Received Import Request.
  Time since last request: 57.608458 seconds.
  path: Assets/Scenes/Menu.unity
  artifactKey: Guid(bd11f85c5eb590b418c2fd5ffdafda5b) Importer(815301076,1909f56bfc062723c751e8b465ee728b)
Start importing Assets/Scenes/Menu.unity using Guid(bd11f85c5eb590b418c2fd5ffdafda5b) Importer(815301076,1909f56bfc062723c751e8b465ee728b)  -> (artifact id: 'e5b53397e06ce78c8857a284f06b51d1') in 0.030405 seconds
  Import took 0.430193 seconds .

========================================================================
Received Prepare
Registering precompiled user dll's ...
Registered in 0.000947 seconds.
Begin MonoManager ReloadAssembly
Native extension for WindowsStandalone target not found
Native extension for WebGL target not found
Refreshing native plugins compatible for Editor in 0.34 ms, found 0 plugins.
Preloading 0 native plugins for Editor in 0.00 ms.
Invoked RoslynAnalysisRunner static constructor.
RoslynAnalysisRunner will not be running.
RoslynAnalysisRunner has terminated.
Mono: successfully reloaded assembly
- Completed reload, in  1.229 seconds
Platform modules already initialized, skipping
Refreshing native plugins compatible for Editor in 0.31 ms, found 0 plugins.
Preloading 0 native plugins for Editor in 0.00 ms.
Unloading 1124 Unused Serialized files (Serialized files now loaded: 0)
System memory in use before: 71.5 MB.
System memory in use after: 71.6 MB.

Unloading 5 unused Assets to reduce memory usage. Loaded Objects now: 1681.
Total: 2.957400 ms (FindLiveObjects: 0.208000 ms CreateObjectMapping: 0.103100 ms MarkObjects: 2.543900 ms  DeleteObjects: 0.100400 ms)

========================================================================
Received Import Request.
  Time since last request: 157.322092 seconds.
  path: Assets/Scenes/Scene.unity
  artifactKey: Guid(9fc0d4010bbf28b4594072e72b8655ab) Importer(815301076,1909f56bfc062723c751e8b465ee728b)
Start importing Assets/Scenes/Scene.unity using Guid(9fc0d4010bbf28b4594072e72b8655ab) Importer(815301076,1909f56bfc062723c751e8b465ee728b)  -> (artifact id: '39ed8c25b85076de8dd490c0d6b92574') in 0.033125 seconds
  Import took 0.134551 seconds .

========================================================================
Received Prepare
Registering precompiled user dll's ...
Registered in 0.001320 seconds.
Begin MonoManager ReloadAssembly
Native extension for WindowsStandalone target not found
Native extension for WebGL target not found
Refreshing native plugins compatible for Editor in 0.36 ms, found 0 plugins.
Preloading 0 native plugins for Editor in 0.00 ms.
Invoked RoslynAnalysisRunner static constructor.
RoslynAnalysisRunner will not be running.
RoslynAnalysisRunner has terminated.
Mono: successfully reloaded assembly
- Completed reload, in  2.043 seconds
Platform modules already initialized, skipping
Refreshing native plugins compatible for Editor in 0.52 ms, found 0 plugins.
Preloading 0 native plugins for Editor in 0.00 ms.
Unloading 1123 Unused Serialized files (Serialized files now loaded: 0)
System memory in use before: 71.5 MB.
System memory in use after: 71.6 MB.

Unloading 6 unused Assets to reduce memory usage. Loaded Objects now: 1683.
Total: 3.181600 ms (FindLiveObjects: 0.254700 ms CreateObjectMapping: 0.080700 ms MarkObjects: 2.752100 ms  DeleteObjects: 0.092000 ms)

========================================================================
Received Prepare
Registering precompiled user dll's ...
Registered in 0.001852 seconds.
Begin MonoManager ReloadAssembly
Native extension for WindowsStandalone target not found
Native extension for WebGL target not found
Refreshing native plugins compatible for Editor in 0.30 ms, found 0 plugins.
Preloading 0 native plugins for Editor in 0.00 ms.
Invoked RoslynAnalysisRunner static constructor.
RoslynAnalysisRunner will not be running.
RoslynAnalysisRunner has terminated.
Mono: successfully reloaded assembly
- Completed reload, in  1.205 seconds
Platform modules already initialized, skipping
Refreshing native plugins compatible for Editor in 0.36 ms, found 0 plugins.
Preloading 0 native plugins for Editor in 0.00 ms.
Unloading 1123 Unused Serialized files (Serialized files now loaded: 0)
System memory in use before: 71.5 MB.
System memory in use after: 71.6 MB.

Unloading 5 unused Assets to reduce memory usage. Loaded Objects now: 1686.
Total: 2.763500 ms (FindLiveObjects: 0.166600 ms CreateObjectMapping: 0.048700 ms MarkObjects: 2.432900 ms  DeleteObjects: 0.113900 ms)

========================================================================
Received Prepare
Registering precompiled user dll's ...
Registered in 0.001951 seconds.
Begin MonoManager ReloadAssembly
Native extension for WindowsStandalone target not found
Native extension for WebGL target not found
Refreshing native plugins compatible for Editor in 0.40 ms, found 0 plugins.
Preloading 0 native plugins for Editor in 0.00 ms.
Invoked RoslynAnalysisRunner static constructor.
RoslynAnalysisRunner will not be running.
RoslynAnalysisRunner has terminated.
Mono: successfully reloaded assembly
- Completed reload, in  1.203 seconds
Platform modules already initialized, skipping
Refreshing native plugins compatible for Editor in 0.40 ms, found 0 plugins.
Preloading 0 native plugins for Editor in 0.00 ms.
Unloading 1123 Unused Serialized files (Serialized files now loaded: 0)
System memory in use before: 71.5 MB.
System memory in use after: 71.6 MB.

Unloading 5 unused Assets to reduce memory usage. Loaded Objects now: 1689.
Total: 3.793300 ms (FindLiveObjects: 0.171300 ms CreateObjectMapping: 0.051600 ms MarkObjects: 3.495100 ms  DeleteObjects: 0.073600 ms)

========================================================================
Received Import Request.
  Time since last request: 136.111564 seconds.
  path: Assets/Prefab/Tiles/Tile.prefab
  artifactKey: Guid(60aefbbf94cf66b4f97b5a9f15c35b5c) Importer(815301076,1909f56bfc062723c751e8b465ee728b)
Start importing Assets/Prefab/Tiles/Tile.prefab using Guid(60aefbbf94cf66b4f97b5a9f15c35b5c) Importer(815301076,1909f56bfc062723c751e8b465ee728b)  -> (artifact id: 'be6732b1d9dead41b314ae4d04dbede6') in 0.492722 seconds
  Import took 0.500393 seconds .

========================================================================
Received Import Request.
  Time since last request: 16.094332 seconds.
  path: Assets/Prefab/Tiles/Tile1.prefab
  artifactKey: Guid(5b7009ac789daee46919cebaccd063d3) Importer(815301076,1909f56bfc062723c751e8b465ee728b)
Start importing Assets/Prefab/Tiles/Tile1.prefab using Guid(5b7009ac789daee46919cebaccd063d3) Importer(815301076,1909f56bfc062723c751e8b465ee728b)  -> (artifact id: '2d5e451a129d38b24f2a7a766f8bc1c5') in 0.083777 seconds
  Import took 0.106729 seconds .

========================================================================
Received Import Request.
  Time since last request: 12.697218 seconds.
  path: Assets/Prefab/Tiles/Tile3.prefab
  artifactKey: Guid(81e5169e161241b47b12741af7bbeac6) Importer(815301076,1909f56bfc062723c751e8b465ee728b)
Start importing Assets/Prefab/Tiles/Tile3.prefab using Guid(81e5169e161241b47b12741af7bbeac6) Importer(815301076,1909f56bfc062723c751e8b465ee728b)  -> (artifact id: '9ce897bb1c07f1b5a2cbfc930548d486') in 0.095338 seconds
  Import took 0.114351 seconds .

========================================================================
Received Import Request.
  Time since last request: 0.477789 seconds.
  path: Assets/Prefab/Tiles/Tile3.prefab
  artifactKey: Guid(81e5169e161241b47b12741af7bbeac6) Importer(815301076,1909f56bfc062723c751e8b465ee728b)
Start importing Assets/Prefab/Tiles/Tile3.prefab using Guid(81e5169e161241b47b12741af7bbeac6) Importer(815301076,1909f56bfc062723c751e8b465ee728b)  -> (artifact id: 'b4194d8bcc7ca41fd73d7995d9b7543a') in 0.041562 seconds
  Import took 0.055205 seconds .

========================================================================
Received Import Request.
  Time since last request: 1.947709 seconds.
  path: Assets/Prefab/Tiles/Tile3.prefab
  artifactKey: Guid(81e5169e161241b47b12741af7bbeac6) Importer(815301076,1909f56bfc062723c751e8b465ee728b)
Start importing Assets/Prefab/Tiles/Tile3.prefab using Guid(81e5169e161241b47b12741af7bbeac6) Importer(815301076,1909f56bfc062723c751e8b465ee728b)  -> (artifact id: 'cb3475f1fe6ca16a0dac1e636321b95d') in 0.048956 seconds
  Import took 0.066851 seconds .

========================================================================
Received Prepare
Registering precompiled user dll's ...
Registered in 0.002025 seconds.
Begin MonoManager ReloadAssembly
Native extension for WindowsStandalone target not found
Native extension for WebGL target not found
Refreshing native plugins compatible for Editor in 0.30 ms, found 0 plugins.
Preloading 0 native plugins for Editor in 0.00 ms.
Invoked RoslynAnalysisRunner static constructor.
RoslynAnalysisRunner will not be running.
RoslynAnalysisRunner has terminated.
Mono: successfully reloaded assembly
- Completed reload, in  1.115 seconds
Platform modules already initialized, skipping
Refreshing native plugins compatible for Editor in 0.35 ms, found 0 plugins.
Preloading 0 native plugins for Editor in 0.00 ms.
Unloading 1123 Unused Serialized files (Serialized files now loaded: 0)
System memory in use before: 74.8 MB.
System memory in use after: 74.8 MB.

Unloading 5 unused Assets to reduce memory usage. Loaded Objects now: 1699.
Total: 3.813300 ms (FindLiveObjects: 0.335000 ms CreateObjectMapping: 0.335400 ms MarkObjects: 3.018100 ms  DeleteObjects: 0.123100 ms)

========================================================================
Received Import Request.
  Time since last request: 25.354647 seconds.
  path: Assets/Prefab/Tiles/Tile3.prefab
  artifactKey: Guid(81e5169e161241b47b12741af7bbeac6) Importer(815301076,1909f56bfc062723c751e8b465ee728b)
Start importing Assets/Prefab/Tiles/Tile3.prefab using Guid(81e5169e161241b47b12741af7bbeac6) Importer(815301076,1909f56bfc062723c751e8b465ee728b)  -> (artifact id: '85a1c8f843a7ca51ca6e7bbc4a6a1486') in 0.103710 seconds
  Import took 0.219053 seconds .

========================================================================
Received Prepare
Registering precompiled user dll's ...
Registered in 0.001506 seconds.
Begin MonoManager ReloadAssembly
Native extension for WindowsStandalone target not found
Native extension for WebGL target not found
Refreshing native plugins compatible for Editor in 0.30 ms, found 0 plugins.
Preloading 0 native plugins for Editor in 0.00 ms.
Invoked RoslynAnalysisRunner static constructor.
RoslynAnalysisRunner will not be running.
RoslynAnalysisRunner has terminated.
Mono: successfully reloaded assembly
- Completed reload, in  1.115 seconds
Platform modules already initialized, skipping
Refreshing native plugins compatible for Editor in 0.34 ms, found 0 plugins.
Preloading 0 native plugins for Editor in 0.00 ms.
Unloading 1123 Unused Serialized files (Serialized files now loaded: 0)
System memory in use before: 74.8 MB.
System memory in use after: 74.8 MB.

Unloading 5 unused Assets to reduce memory usage. Loaded Objects now: 1703.
Total: 3.599800 ms (FindLiveObjects: 0.211700 ms CreateObjectMapping: 0.069100 ms MarkObjects: 3.214800 ms  DeleteObjects: 0.102300 ms)

========================================================================
Received Import Request.
  Time since last request: 130.657682 seconds.
  path: Assets/Prefab/Tiles/Tile3.prefab
  artifactKey: Guid(81e5169e161241b47b12741af7bbeac6) Importer(815301076,1909f56bfc062723c751e8b465ee728b)
Start importing Assets/Prefab/Tiles/Tile3.prefab using Guid(81e5169e161241b47b12741af7bbeac6) Importer(815301076,1909f56bfc062723c751e8b465ee728b)  -> (artifact id: 'd693186b9ae4d8f40eff80c269630d93') in 0.108854 seconds
  Import took 0.218392 seconds .

========================================================================
Received Import Request.
  Time since last request: 5.550367 seconds.
  path: Assets/Prefab/Tiles/Tile3.prefab
  artifactKey: Guid(81e5169e161241b47b12741af7bbeac6) Importer(815301076,1909f56bfc062723c751e8b465ee728b)
Start importing Assets/Prefab/Tiles/Tile3.prefab using Guid(81e5169e161241b47b12741af7bbeac6) Importer(815301076,1909f56bfc062723c751e8b465ee728b)  -> (artifact id: 'e18fa7d4cd486670b89f5dcb815f761d') in 0.065650 seconds
  Import took 0.125071 seconds .

========================================================================
Received Import Request.
  Time since last request: 7.253361 seconds.
  path: Assets/Prefab/Tiles/Tile3.prefab
  artifactKey: Guid(81e5169e161241b47b12741af7bbeac6) Importer(815301076,1909f56bfc062723c751e8b465ee728b)
Start importing Assets/Prefab/Tiles/Tile3.prefab using Guid(81e5169e161241b47b12741af7bbeac6) Importer(815301076,1909f56bfc062723c751e8b465ee728b)  -> (artifact id: '5b703222be0131becc0a3b82ac076384') in 0.051478 seconds
  Import took 0.068929 seconds .

========================================================================
Received Prepare
Registering precompiled user dll's ...
Registered in 0.003747 seconds.
Begin MonoManager ReloadAssembly
Native extension for WindowsStandalone target not found
Native extension for WebGL target not found
Refreshing native plugins compatible for Editor in 0.30 ms, found 0 plugins.
Preloading 0 native plugins for Editor in 0.00 ms.
Invoked RoslynAnalysisRunner static constructor.
RoslynAnalysisRunner will not be running.
RoslynAnalysisRunner has terminated.
Mono: successfully reloaded assembly
- Completed reload, in  1.337 seconds
Platform modules already initialized, skipping
Refreshing native plugins compatible for Editor in 0.33 ms, found 0 plugins.
Preloading 0 native plugins for Editor in 0.00 ms.
Unloading 1123 Unused Serialized files (Serialized files now loaded: 0)
System memory in use before: 74.8 MB.
System memory in use after: 74.9 MB.

Unloading 5 unused Assets to reduce memory usage. Loaded Objects now: 1707.
Total: 3.361200 ms (FindLiveObjects: 0.279400 ms CreateObjectMapping: 0.069100 ms MarkObjects: 2.904500 ms  DeleteObjects: 0.106200 ms)

========================================================================
Received Prepare
Registering precompiled user dll's ...
Registered in 0.001237 seconds.
Begin MonoManager ReloadAssembly
Native extension for WindowsStandalone target not found
Native extension for WebGL target not found
Refreshing native plugins compatible for Editor in 0.31 ms, found 0 plugins.
Preloading 0 native plugins for Editor in 0.00 ms.
Invoked RoslynAnalysisRunner static constructor.
RoslynAnalysisRunner will not be running.
RoslynAnalysisRunner has terminated.
Mono: successfully reloaded assembly
- Completed reload, in  1.426 seconds
Platform modules already initialized, skipping
Refreshing native plugins compatible for Editor in 0.31 ms, found 0 plugins.
Preloading 0 native plugins for Editor in 0.00 ms.
Unloading 1123 Unused Serialized files (Serialized files now loaded: 0)
System memory in use before: 74.8 MB.
System memory in use after: 74.9 MB.

Unloading 5 unused Assets to reduce memory usage. Loaded Objects now: 1710.
Total: 2.783600 ms (FindLiveObjects: 0.263700 ms CreateObjectMapping: 0.083500 ms MarkObjects: 2.345500 ms  DeleteObjects: 0.088800 ms)

========================================================================
Received Import Request.
  Time since last request: 453.426049 seconds.
  path: Assets/Scenes/Scene.unity
  artifactKey: Guid(9fc0d4010bbf28b4594072e72b8655ab) Importer(815301076,1909f56bfc062723c751e8b465ee728b)
Start importing Assets/Scenes/Scene.unity using Guid(9fc0d4010bbf28b4594072e72b8655ab) Importer(815301076,1909f56bfc062723c751e8b465ee728b)  -> (artifact id: '140c9fdcc7b986b037de375a027ea2e8') in 0.107683 seconds
  Import took 0.111901 seconds .

========================================================================
Received Prepare
Registering precompiled user dll's ...
Registered in 0.002212 seconds.
Begin MonoManager ReloadAssembly
Native extension for WindowsStandalone target not found
Native extension for WebGL target not found
Refreshing native plugins compatible for Editor in 0.48 ms, found 0 plugins.
Preloading 0 native plugins for Editor in 0.00 ms.
Invoked RoslynAnalysisRunner static constructor.
RoslynAnalysisRunner will not be running.
RoslynAnalysisRunner has terminated.
Mono: successfully reloaded assembly
- Completed reload, in  1.425 seconds
Platform modules already initialized, skipping
Refreshing native plugins compatible for Editor in 0.47 ms, found 0 plugins.
Preloading 0 native plugins for Editor in 0.00 ms.
Unloading 1123 Unused Serialized files (Serialized files now loaded: 0)
System memory in use before: 74.8 MB.
System memory in use after: 74.9 MB.

Unloading 5 unused Assets to reduce memory usage. Loaded Objects now: 1713.
Total: 2.685100 ms (FindLiveObjects: 0.232800 ms CreateObjectMapping: 0.076000 ms MarkObjects: 2.234600 ms  DeleteObjects: 0.139500 ms)

========================================================================
Received Prepare
Registering precompiled user dll's ...
Registered in 0.000995 seconds.
Begin MonoManager ReloadAssembly
Native extension for WindowsStandalone target not found
Native extension for WebGL target not found
Refreshing native plugins compatible for Editor in 0.49 ms, found 0 plugins.
Preloading 0 native plugins for Editor in 0.00 ms.
Invoked RoslynAnalysisRunner static constructor.
RoslynAnalysisRunner will not be running.
RoslynAnalysisRunner has terminated.
Mono: successfully reloaded assembly
- Completed reload, in  8.953 seconds
Platform modules already initialized, skipping
Refreshing native plugins compatible for Editor in 0.31 ms, found 0 plugins.
Preloading 0 native plugins for Editor in 0.00 ms.
Unloading 1123 Unused Serialized files (Serialized files now loaded: 0)
System memory in use before: 74.8 MB.
System memory in use after: 74.9 MB.

Unloading 5 unused Assets to reduce memory usage. Loaded Objects now: 1716.
Total: 2.592700 ms (FindLiveObjects: 0.187500 ms CreateObjectMapping: 0.054400 ms MarkObjects: 2.254200 ms  DeleteObjects: 0.094800 ms)

========================================================================
Received Prepare
Registering precompiled user dll's ...
Registered in 0.002165 seconds.
Begin MonoManager ReloadAssembly
Native extension for WindowsStandalone target not found
Native extension for WebGL target not found
Refreshing native plugins compatible for Editor in 1.05 ms, found 0 plugins.
Preloading 0 native plugins for Editor in 0.00 ms.
Invoked RoslynAnalysisRunner static constructor.
RoslynAnalysisRunner will not be running.
RoslynAnalysisRunner has terminated.
Mono: successfully reloaded assembly
- Completed reload, in  1.541 seconds
Platform modules already initialized, skipping
Refreshing native plugins compatible for Editor in 0.76 ms, found 0 plugins.
Preloading 0 native plugins for Editor in 0.00 ms.
Unloading 1123 Unused Serialized files (Serialized files now loaded: 0)
System memory in use before: 74.8 MB.
System memory in use after: 74.9 MB.

Unloading 5 unused Assets to reduce memory usage. Loaded Objects now: 1719.
Total: 3.556700 ms (FindLiveObjects: 0.792500 ms CreateObjectMapping: 0.072500 ms MarkObjects: 2.582200 ms  DeleteObjects: 0.094700 ms)

========================================================================
Received Prepare
Registering precompiled user dll's ...
Registered in 0.009960 seconds.
Begin MonoManager ReloadAssembly
Native extension for WindowsStandalone target not found
Native extension for WebGL target not found
Refreshing native plugins compatible for Editor in 0.54 ms, found 0 plugins.
Preloading 0 native plugins for Editor in 0.00 ms.
Invoked RoslynAnalysisRunner static constructor.
RoslynAnalysisRunner will not be running.
RoslynAnalysisRunner has terminated.
Mono: successfully reloaded assembly
- Completed reload, in  5.074 seconds
Platform modules already initialized, skipping
Refreshing native plugins compatible for Editor in 0.53 ms, found 0 plugins.
Preloading 0 native plugins for Editor in 0.00 ms.
Unloading 1123 Unused Serialized files (Serialized files now loaded: 0)
System memory in use before: 74.8 MB.
System memory in use after: 74.9 MB.

Unloading 5 unused Assets to reduce memory usage. Loaded Objects now: 1722.
Total: 4.497400 ms (FindLiveObjects: 0.396700 ms CreateObjectMapping: 0.078500 ms MarkObjects: 3.901400 ms  DeleteObjects: 0.101600 ms)

========================================================================
Received Prepare
Registering precompiled user dll's ...
Registered in 0.006841 seconds.
Begin MonoManager ReloadAssembly
Native extension for WindowsStandalone target not found
Native extension for WebGL target not found
Refreshing native plugins compatible for Editor in 1.17 ms, found 0 plugins.
Preloading 0 native plugins for Editor in 0.00 ms.
Invoked RoslynAnalysisRunner static constructor.
RoslynAnalysisRunner will not be running.
RoslynAnalysisRunner has terminated.
Mono: successfully reloaded assembly
- Completed reload, in  6.597 seconds
Platform modules already initialized, skipping
Refreshing native plugins compatible for Editor in 5.68 ms, found 0 plugins.
Preloading 0 native plugins for Editor in 0.00 ms.
Unloading 1123 Unused Serialized files (Serialized files now loaded: 0)
System memory in use before: 74.8 MB.
System memory in use after: 74.9 MB.

Unloading 5 unused Assets to reduce memory usage. Loaded Objects now: 1725.
Total: 18.313700 ms (FindLiveObjects: 0.326400 ms CreateObjectMapping: 0.106200 ms MarkObjects: 17.761300 ms  DeleteObjects: 0.116900 ms)

========================================================================
Received Prepare
Registering precompiled user dll's ...
Registered in 0.001618 seconds.
Begin MonoManager ReloadAssembly
Native extension for WindowsStandalone target not found
Native extension for WebGL target not found
Refreshing native plugins compatible for Editor in 0.73 ms, found 0 plugins.
Preloading 0 native plugins for Editor in 0.00 ms.
Invoked RoslynAnalysisRunner static constructor.
RoslynAnalysisRunner will not be running.
RoslynAnalysisRunner has terminated.
Mono: successfully reloaded assembly
- Completed reload, in  2.060 seconds
Platform modules already initialized, skipping
Refreshing native plugins compatible for Editor in 0.51 ms, found 0 plugins.
Preloading 0 native plugins for Editor in 0.00 ms.
Unloading 1123 Unused Serialized files (Serialized files now loaded: 0)
System memory in use before: 74.8 MB.
System memory in use after: 74.9 MB.

Unloading 5 unused Assets to reduce memory usage. Loaded Objects now: 1728.
Total: 7.824500 ms (FindLiveObjects: 1.409700 ms CreateObjectMapping: 0.719400 ms MarkObjects: 5.611700 ms  DeleteObjects: 0.081800 ms)

========================================================================
Received Prepare
Registering precompiled user dll's ...
Registered in 0.002494 seconds.
Begin MonoManager ReloadAssembly
Native extension for WindowsStandalone target not found
Native extension for WebGL target not found
Refreshing native plugins compatible for Editor in 0.54 ms, found 0 plugins.
Preloading 0 native plugins for Editor in 0.00 ms.
Invoked RoslynAnalysisRunner static constructor.
RoslynAnalysisRunner will not be running.
RoslynAnalysisRunner has terminated.
Mono: successfully reloaded assembly
- Completed reload, in  2.063 seconds
Platform modules already initialized, skipping
Refreshing native plugins compatible for Editor in 0.50 ms, found 0 plugins.
Preloading 0 native plugins for Editor in 0.00 ms.
Unloading 1123 Unused Serialized files (Serialized files now loaded: 0)
System memory in use before: 74.9 MB.
System memory in use after: 74.9 MB.

Unloading 5 unused Assets to reduce memory usage. Loaded Objects now: 1731.
Total: 4.027000 ms (FindLiveObjects: 0.288900 ms CreateObjectMapping: 0.111800 ms MarkObjects: 3.535700 ms  DeleteObjects: 0.087800 ms)

========================================================================
Received Prepare
Registering precompiled user dll's ...
Registered in 0.001844 seconds.
Begin MonoManager ReloadAssembly
Native extension for WindowsStandalone target not found
Native extension for WebGL target not found
Refreshing native plugins compatible for Editor in 0.65 ms, found 0 plugins.
Preloading 0 native plugins for Editor in 0.00 ms.
Invoked RoslynAnalysisRunner static constructor.
RoslynAnalysisRunner will not be running.
RoslynAnalysisRunner has terminated.
Mono: successfully reloaded assembly
- Completed reload, in  2.115 seconds
Platform modules already initialized, skipping
Refreshing native plugins compatible for Editor in 0.64 ms, found 0 plugins.
Preloading 0 native plugins for Editor in 0.00 ms.
Unloading 1123 Unused Serialized files (Serialized files now loaded: 0)
System memory in use before: 74.9 MB.
System memory in use after: 75.0 MB.

Unloading 5 unused Assets to reduce memory usage. Loaded Objects now: 1734.
Total: 4.775100 ms (FindLiveObjects: 0.505500 ms CreateObjectMapping: 0.124400 ms MarkObjects: 4.028600 ms  DeleteObjects: 0.114200 ms)

========================================================================
Received Prepare
Registering precompiled user dll's ...
Registered in 0.001852 seconds.
Begin MonoManager ReloadAssembly
Native extension for WindowsStandalone target not found
Native extension for WebGL target not found
Refreshing native plugins compatible for Editor in 0.47 ms, found 0 plugins.
Preloading 0 native plugins for Editor in 0.00 ms.
Invoked RoslynAnalysisRunner static constructor.
RoslynAnalysisRunner will not be running.
RoslynAnalysisRunner has terminated.
Mono: successfully reloaded assembly
- Completed reload, in  1.673 seconds
Platform modules already initialized, skipping
Refreshing native plugins compatible for Editor in 0.48 ms, found 0 plugins.
Preloading 0 native plugins for Editor in 0.00 ms.
Unloading 1123 Unused Serialized files (Serialized files now loaded: 0)
System memory in use before: 74.9 MB.
System memory in use after: 75.0 MB.

Unloading 5 unused Assets to reduce memory usage. Loaded Objects now: 1737.
Total: 3.591000 ms (FindLiveObjects: 0.303900 ms CreateObjectMapping: 0.145600 ms MarkObjects: 3.042200 ms  DeleteObjects: 0.097000 ms)

========================================================================
Received Prepare
Registering precompiled user dll's ...
Registered in 0.002294 seconds.
Begin MonoManager ReloadAssembly
Native extension for WindowsStandalone target not found
Native extension for WebGL target not found
Refreshing native plugins compatible for Editor in 2.15 ms, found 0 plugins.
Preloading 0 native plugins for Editor in 0.00 ms.
Invoked RoslynAnalysisRunner static constructor.
RoslynAnalysisRunner will not be running.
RoslynAnalysisRunner has terminated.
Mono: successfully reloaded assembly
- Completed reload, in  9.754 seconds
Platform modules already initialized, skipping
Refreshing native plugins compatible for Editor in 1.64 ms, found 0 plugins.
Preloading 0 native plugins for Editor in 0.00 ms.
Unloading 1123 Unused Serialized files (Serialized files now loaded: 0)
System memory in use before: 74.9 MB.
System memory in use after: 75.0 MB.

Unloading 5 unused Assets to reduce memory usage. Loaded Objects now: 1740.
Total: 11.368800 ms (FindLiveObjects: 1.403600 ms CreateObjectMapping: 1.880500 ms MarkObjects: 7.904500 ms  DeleteObjects: 0.176300 ms)

========================================================================
Received Import Request.
  Time since last request: 2026.459304 seconds.
  path: Assets/Scenes/Scene.unity
  artifactKey: Guid(9fc0d4010bbf28b4594072e72b8655ab) Importer(815301076,1909f56bfc062723c751e8b465ee728b)
Start importing Assets/Scenes/Scene.unity using Guid(9fc0d4010bbf28b4594072e72b8655ab) Importer(815301076,1909f56bfc062723c751e8b465ee728b)  -> (artifact id: '856ae018c2e404f53fa11c8a3ddf1826') in 0.027566 seconds
  Import took 0.031481 seconds .

========================================================================
Received Prepare
Registering precompiled user dll's ...
Registered in 0.001422 seconds.
Begin MonoManager ReloadAssembly
Native extension for WindowsStandalone target not found
Native extension for WebGL target not found
Refreshing native plugins compatible for Editor in 0.49 ms, found 0 plugins.
Preloading 0 native plugins for Editor in 0.00 ms.
Invoked RoslynAnalysisRunner static constructor.
RoslynAnalysisRunner will not be running.
RoslynAnalysisRunner has terminated.
Mono: successfully reloaded assembly
- Completed reload, in  1.681 seconds
Platform modules already initialized, skipping
Refreshing native plugins compatible for Editor in 0.47 ms, found 0 plugins.
Preloading 0 native plugins for Editor in 0.00 ms.
Unloading 1123 Unused Serialized files (Serialized files now loaded: 0)
System memory in use before: 74.9 MB.
System memory in use after: 75.0 MB.

Unloading 5 unused Assets to reduce memory usage. Loaded Objects now: 1743.
Total: 3.306800 ms (FindLiveObjects: 0.266300 ms CreateObjectMapping: 0.082400 ms MarkObjects: 2.840300 ms  DeleteObjects: 0.115600 ms)

========================================================================
Received Prepare
Registering precompiled user dll's ...
Registered in 0.001380 seconds.
Begin MonoManager ReloadAssembly
Native extension for WindowsStandalone target not found
Native extension for WebGL target not found
Refreshing native plugins compatible for Editor in 0.48 ms, found 0 plugins.
Preloading 0 native plugins for Editor in 0.00 ms.
Invoked RoslynAnalysisRunner static constructor.
RoslynAnalysisRunner will not be running.
RoslynAnalysisRunner has terminated.
Mono: successfully reloaded assembly
- Completed reload, in  1.696 seconds
Platform modules already initialized, skipping
Refreshing native plugins compatible for Editor in 0.47 ms, found 0 plugins.
Preloading 0 native plugins for Editor in 0.00 ms.
Unloading 1123 Unused Serialized files (Serialized files now loaded: 0)
System memory in use before: 74.9 MB.
System memory in use after: 75.0 MB.

Unloading 5 unused Assets to reduce memory usage. Loaded Objects now: 1746.
Total: 3.990700 ms (FindLiveObjects: 0.341500 ms CreateObjectMapping: 0.102400 ms MarkObjects: 3.455800 ms  DeleteObjects: 0.089000 ms)

========================================================================
Received Prepare
Registering precompiled user dll's ...
Registered in 0.001345 seconds.
Begin MonoManager ReloadAssembly
Native extension for WindowsStandalone target not found
Native extension for WebGL target not found
Refreshing native plugins compatible for Editor in 0.51 ms, found 0 plugins.
Preloading 0 native plugins for Editor in 0.00 ms.
Invoked RoslynAnalysisRunner static constructor.
RoslynAnalysisRunner will not be running.
RoslynAnalysisRunner has terminated.
Mono: successfully reloaded assembly
- Completed reload, in  1.746 seconds
Platform modules already initialized, skipping
Refreshing native plugins compatible for Editor in 0.49 ms, found 0 plugins.
Preloading 0 native plugins for Editor in 0.00 ms.
Unloading 1123 Unused Serialized files (Serialized files now loaded: 0)
System memory in use before: 74.9 MB.
System memory in use after: 75.0 MB.

Unloading 5 unused Assets to reduce memory usage. Loaded Objects now: 1749.
Total: 4.182300 ms (FindLiveObjects: 0.263000 ms CreateObjectMapping: 0.086900 ms MarkObjects: 3.726300 ms  DeleteObjects: 0.104400 ms)

========================================================================
Received Prepare
Refreshing native plugins compatible for Editor in 1.28 ms, found 0 plugins.
Preloading 0 native plugins for Editor in 0.00 ms.
Unloading 3 Unused Serialized files (Serialized files now loaded: 0)
System memory in use before: 52.7 MB.
System memory in use after: 52.8 MB.

Unloading 3 unused Assets to reduce memory usage. Loaded Objects now: 1749.
Total: 4.236400 ms (FindLiveObjects: 0.370000 ms CreateObjectMapping: 0.106400 ms MarkObjects: 3.673800 ms  DeleteObjects: 0.084100 ms)

========================================================================
Received Prepare
Refreshing native plugins compatible for Editor in 1.19 ms, found 0 plugins.
Preloading 0 native plugins for Editor in 0.00 ms.
Unloading 3 Unused Serialized files (Serialized files now loaded: 0)
System memory in use before: 52.7 MB.
System memory in use after: 52.8 MB.

Unloading 3 unused Assets to reduce memory usage. Loaded Objects now: 1749.
Total: 3.887900 ms (FindLiveObjects: 0.907300 ms CreateObjectMapping: 0.110100 ms MarkObjects: 2.706700 ms  DeleteObjects: 0.159700 ms)

========================================================================
Received Prepare
Refreshing native plugins compatible for Editor in 1.71 ms, found 0 plugins.
Preloading 0 native plugins for Editor in 0.00 ms.
Unloading 3 Unused Serialized files (Serialized files now loaded: 0)
System memory in use before: 52.7 MB.
System memory in use after: 52.8 MB.

Unloading 3 unused Assets to reduce memory usage. Loaded Objects now: 1749.
Total: 10.176100 ms (FindLiveObjects: 0.318900 ms CreateObjectMapping: 0.080600 ms MarkObjects: 9.649800 ms  DeleteObjects: 0.123700 ms)

AssetImportWorkerClient::OnTransportError - code=2 error=End of file
